<?xml version="1.0" encoding="UTF-8"?>
<testsuite xmlns:xsi="http://www.w3.org/2001/XMLSchema-instance" xsi:schemaLocation="https://maven.apache.org/surefire/maven-surefire-plugin/xsd/surefire-test-report.xsd" name="RepeatedTestDemo" time="0.253" tests="22" errors="0" skipped="0" failures="0">
  <properties>
    <property name="java.runtime.name" value="Java(TM) SE Runtime Environment"/>
    <property name="java.vm.version" value="11.0.8+10-LTS"/>
    <property name="sun.boot.library.path" value="C:\Program Files\Java\jdk-11.0.8\bin"/>
    <property name="maven.multiModuleProjectDirectory" value="C:\Users\Home\Documents\NetBeansProjects\UnitTests"/>
    <property name="java.vm.vendor" value="Oracle Corporation"/>
    <property name="java.vendor.url" value="https://openjdk.java.net/"/>
    <property name="guice.disable.misplaced.annotation.check" value="true"/>
    <property name="path.separator" value=";"/>
    <property name="java.vm.name" value="Java HotSpot(TM) 64-Bit Server VM"/>
    <property name="sun.os.patch.level" value=""/>
    <property name="user.script" value=""/>
    <property name="user.country" value="PL"/>
    <property name="sun.java.launcher" value="SUN_STANDARD"/>
    <property name="test" value="RepeatedTestDemo"/>
    <property name="java.vm.specification.name" value="Java Virtual Machine Specification"/>
    <property name="user.dir" value="C:\Users\Home\Documents\NetBeansProjects\UnitTests"/>
    <property name="java.vm.compressedOopsMode" value="Zero based"/>
    <property name="java.runtime.version" value="11.0.8+10-LTS"/>
    <property name="java.awt.graphicsenv" value="sun.awt.Win32GraphicsEnvironment"/>
    <property name="os.arch" value="amd64"/>
    <property name="java.io.tmpdir" value="C:\Users\Home\AppData\Local\Temp\"/>
    <property name="line.separator" value="&#10;"/>
    <property name="java.vm.specification.vendor" value="Oracle Corporation"/>
    <property name="user.variant" value=""/>
    <property name="os.name" value="Windows 10"/>
    <property name="maven.ext.class.path" value="C:\Program Files\NetBeans-12.1\netbeans\java\maven-nblib\netbeans-eventspy.jar"/>
    <property name="classworlds.conf" value="C:\Program Files\NetBeans-12.1\netbeans\java\maven\bin\..\bin\m2.conf"/>
    <property name="sun.jnu.encoding" value="Cp1250"/>
    <property name="java.library.path" value="C:\Program Files\Java\jdk-11.0.8\bin;C:\WINDOWS\Sun\Java\bin;C:\WINDOWS\system32;C:\WINDOWS;C:\Program Files\Common Files\Oracle\Java\javapath;C:\WINDOWS\system32;C:\WINDOWS;C:\WINDOWS\System32\Wbem;C:\WINDOWS\System32\WindowsPowerShell\v1.0\;C:\Program Files (x86)\ATI Technologies\ATI.ACE\Core-Static;C:\WINDOWS\System32\OpenSSH\;C:\Program Files (x86)\Calibre2\;C:\Users\Home\AppData\Local\Microsoft\WindowsApps;;."/>
    <property name="maven.conf" value="C:\Program Files\NetBeans-12.1\netbeans\java\maven\bin\../conf"/>
    <property name="jdk.debug" value="release"/>
    <property name="java.class.version" value="55.0"/>
    <property name="java.specification.name" value="Java Platform API Specification"/>
    <property name="sun.management.compiler" value="HotSpot 64-Bit Tiered Compilers"/>
    <property name="os.version" value="10.0"/>
    <property name="library.jansi.path" value="C:\Program Files\NetBeans-12.1\netbeans\java\maven\bin\..\lib\jansi-native"/>
    <property name="user.home" value="C:\Users\Home"/>
    <property name="user.timezone" value="Europe/Belgrade"/>
    <property name="java.awt.printerjob" value="sun.awt.windows.WPrinterJob"/>
    <property name="file.encoding" value="UTF-8"/>
    <property name="java.specification.version" value="11"/>
    <property name="user.name" value="Home"/>
    <property name="java.class.path" value="C:\Program Files\NetBeans-12.1\netbeans\java\maven\bin\..\boot\plexus-classworlds-2.6.0.jar"/>
    <property name="java.vm.specification.version" value="11"/>
    <property name="sun.arch.data.model" value="64"/>
    <property name="sun.java.command" value="org.codehaus.plexus.classworlds.launcher.Launcher -Dtest=RepeatedTestDemo -Dmaven.ext.class.path=C:\Program Files\NetBeans-12.1\netbeans\java\maven-nblib\netbeans-eventspy.jar -Dfile.encoding=UTF-8 surefire:test"/>
    <property name="java.home" value="C:\Program Files\Java\jdk-11.0.8"/>
    <property name="user.language" value="pl"/>
    <property name="java.specification.vendor" value="Oracle Corporation"/>
    <property name="awt.toolkit" value="sun.awt.windows.WToolkit"/>
    <property name="java.vm.info" value="mixed mode"/>
    <property name="java.version" value="11.0.8"/>
    <property name="java.vendor" value="Oracle Corporation"/>
    <property name="maven.home" value="C:\Program Files\NetBeans-12.1\netbeans\java\maven\bin\.."/>
    <property name="file.separator" value="\"/>
    <property name="java.version.date" value="2020-07-14"/>
    <property name="java.vendor.url.bug" value="https://bugreport.java.com/bugreport/"/>
    <property name="sun.io.unicode.encoding" value="UnicodeLittle"/>
    <property name="sun.cpu.endian" value="little"/>
    <property name="java.vendor.version" value="18.9"/>
    <property name="sun.desktop" value="windows"/>
    <property name="sun.cpu.isalist" value="amd64"/>
  </properties>
  <testcase name="repeatedTest[1]" classname="RepeatedTestDemo" time="0.091"/>
  <testcase name="repeatedTest[2]" classname="RepeatedTestDemo" time="0.003"/>
  <testcase name="repeatedTest[3]" classname="RepeatedTestDemo" time="0.004"/>
  <testcase name="repeatedTest[4]" classname="RepeatedTestDemo" time="0.004"/>
  <testcase name="repeatedTest[5]" classname="RepeatedTestDemo" time="0.007"/>
  <testcase name="repeatedTest[6]" classname="RepeatedTestDemo" time="0.001"/>
  <testcase name="repeatedTest[7]" classname="RepeatedTestDemo" time="0.002"/>
  <testcase name="repeatedTest[8]" classname="RepeatedTestDemo" time="0.001"/>
  <testcase name="repeatedTest[9]" classname="RepeatedTestDemo" time="0.004"/>
  <testcase name="repeatedTest[10]" classname="RepeatedTestDemo" time="0.003"/>
  <testcase name="repeatedTestInGerman[1]" classname="RepeatedTestDemo" time="0.005"/>
  <testcase name="repeatedTestInGerman[2]" classname="RepeatedTestDemo" time="0"/>
  <testcase name="repeatedTestInGerman[3]" classname="RepeatedTestDemo" time="0.004"/>
  <testcase name="repeatedTestInGerman[4]" classname="RepeatedTestDemo" time="0"/>
  <testcase name="repeatedTestInGerman[5]" classname="RepeatedTestDemo" time="0.001"/>
  <testcase name="repeatedTestWithRepetitionInfo{RepetitionInfo}[1]" classname="RepeatedTestDemo" time="0.007"/>
  <testcase name="repeatedTestWithRepetitionInfo{RepetitionInfo}[2]" classname="RepeatedTestDemo" time="0.002"/>
  <testcase name="repeatedTestWithRepetitionInfo{RepetitionInfo}[3]" classname="RepeatedTestDemo" time="0.002"/>
  <testcase name="repeatedTestWithRepetitionInfo{RepetitionInfo}[4]" classname="RepeatedTestDemo" time="0.002"/>
  <testcase name="repeatedTestWithRepetitionInfo{RepetitionInfo}[5]" classname="RepeatedTestDemo" time="0.002"/>
  <testcase name="customDisplayNameWithLongPattern{TestInfo}[1]" classname="RepeatedTestDemo" time="0.003"/>
  <testcase name="customDisplayName{TestInfo}[1]" classname="RepeatedTestDemo" time="0.002"/>
</testsuite>